<?xml version="1.0" encoding="UTF-8"?>
<!-- Generated by org.testng.reporters.JUnitReportReporter -->
<testsuite hostname="Kavitha_Bandiga" failures="0" tests="1" name="testCases.TC001_RegistrationTest" time="2.144" errors="0" timestamp="2024-09-30T14:45:36 IST" skipped="0">
  <testcase classname="testCases.TC001_RegistrationTest" name="verify_Registration" time="2.144"/>
  <system-out/>
</testsuite> <!-- testCases.TC001_RegistrationTest -->
