<?xml version="1.0" encoding="UTF-8"?>
<!-- Generated by org.testng.reporters.JUnitReportReporter -->
<testsuite hostname="Kavitha_Bandiga" failures="0" tests="1" name="testCases.TC002_LoginTest" time="1.888" errors="0" timestamp="2024-10-08T13:02:16 IST" skipped="0">
  <testcase classname="testCases.TC002_LoginTest" name="verify_login" time="1.888"/>
  <system-out/>
</testsuite> <!-- testCases.TC002_LoginTest -->
